<?xml version="1.0" encoding="UTF-8"?>
<testng-results skipped="0" failed="0" ignored="0" total="1" passed="1">
  <reporter-output>
  </reporter-output>
  <suite name="Default suite" duration-ms="13363" started-at="2020-01-26T13:18:03 AEDT" finished-at="2020-01-26T13:18:16 AEDT">
    <groups>
    </groups>
    <test name="Default test" duration-ms="13363" started-at="2020-01-26T13:18:03 AEDT" finished-at="2020-01-26T13:18:16 AEDT">
      <class name="SearchElement.SearchElement">
        <test-method status="PASS" signature="checkBuses()[pri:0, instance:SearchElement.SearchElement@3e9b1010]" name="checkBuses" duration-ms="13311" started-at="2020-01-26T13:18:03 AEDT" finished-at="2020-01-26T13:18:16 AEDT">
          <reporter-output>
          </reporter-output>
        </test-method> <!-- checkBuses -->
      </class> <!-- SearchElement.SearchElement -->
    </test> <!-- Default test -->
  </suite> <!-- Default suite -->
</testng-results>
