<?xml version="1.0" encoding="UTF-8"?>
<!-- Generated by org.testng.reporters.JUnitXMLReporter -->
<testsuite hostname="DESKTOP-AFCAA2G" ignored="0" name="RetryMultipleTestClasses" tests="1" failures="1" timestamp="2020-01-26T00:13:30 AEDT" time="11.056" errors="0">
  <testcase name="test" time="0.013" classname="MyTest.RetryTest">
    <failure type="java.lang.AssertionError" message="expected [Google] but found [Googl]">
      <![CDATA[java.lang.AssertionError: expected [Google] but found [Googl]
at MyTest.RetryTest.test(RetryTest.java:44)
at java.util.ArrayList.forEach(ArrayList.java:1257)
... Removed 32 stack frames]]>
    </failure>
  </testcase> <!-- test -->
</testsuite> <!-- RetryMultipleTestClasses -->
